Using pre-set license
Built from '2020.2/staging' branch; Version is '2020.2.7f1 (c53830e277f1) revision 12924976'; Using compiler version '192528614'; Build Type 'Release'
OS: 'Windows 10 Enterprise; OS build 18363.1379; Version 1909; 64bit' Language: 'en' Physical Memory: 16332 MB
BatchMode: 1, IsHumanControllingUs: 0, StartBugReporterOnCrash: 0, Is64bit: 1, IsPro: 0

 COMMAND LINE ARGUMENTS:
C:\Program Files\Unity\Hub\Editor\2020.2.7f1\Editor\Unity.exe
-adb2
-batchMode
-noUpm
-name
AssetImportWorker0
-projectPath
D:/mike fmp/FMP
-logFile
Logs/AssetImportWorker0.log
-srvPort
58708
Successfully changed project path to: D:/mike fmp/FMP
D:/mike fmp/FMP
Using Asset Import Pipeline V2.
Refreshing native plugins compatible for Editor in 21.17 ms, found 0 plugins.
Preloading 0 native plugins for Editor in 0.00 ms.
Initialize engine version: 2020.2.7f1 (c53830e277f1)
[Subsystems] Discovering subsystems at path C:/Program Files/Unity/Hub/Editor/2020.2.7f1/Editor/Data/Resources/UnitySubsystems
[Subsystems] Discovering subsystems at path D:/mike fmp/FMP/Assets
GfxDevice: creating device client; threaded=0
Direct3D:
    Version:  Direct3D 11.0 [level 11.1]
    Renderer: NVIDIA GeForce GTX 1660 (ID=0x2184)
    Vendor:   
    VRAM:     5991 MB
    Driver:   27.21.14.5167
Initialize mono
Mono path[0] = 'C:/Program Files/Unity/Hub/Editor/2020.2.7f1/Editor/Data/Managed'
Mono path[1] = 'C:/Program Files/Unity/Hub/Editor/2020.2.7f1/Editor/Data/MonoBleedingEdge/lib/mono/unityjit'
Mono config path = 'C:/Program Files/Unity/Hub/Editor/2020.2.7f1/Editor/Data/MonoBleedingEdge/etc'
Using monoOptions --debugger-agent=transport=dt_socket,embedding=1,server=y,suspend=n,address=127.0.0.1:56400
Begin MonoManager ReloadAssembly
Registering precompiled unity dll's ...
Register platform support module: C:/Program Files/Unity/Hub/Editor/2020.2.7f1/Editor/Data/PlaybackEngines/WindowsStandaloneSupport/UnityEditor.WindowsStandalone.Extensions.dll
Registered in 0.001140 seconds.
Native extension for WindowsStandalone target not found
Refreshing native plugins compatible for Editor in 23.98 ms, found 0 plugins.
Preloading 0 native plugins for Editor in 0.00 ms.
Invoked RoslynAnalysisRunner static constructor.
RoslynAnalysisRunner will not be running.
RoslynAnalysisRunner has terminated.
Mono: successfully reloaded assembly
- Completed reload, in  0.981 seconds
Platform modules already initialized, skipping
Registering precompiled user dll's ...
Registered in 0.000673 seconds.
Begin MonoManager ReloadAssembly
Native extension for WindowsStandalone target not found
Refreshing native plugins compatible for Editor in 0.28 ms, found 0 plugins.
Preloading 0 native plugins for Editor in 0.00 ms.
Invoked RoslynAnalysisRunner static constructor.
RoslynAnalysisRunner will not be running.
RoslynAnalysisRunner has terminated.
Mono: successfully reloaded assembly
- Completed reload, in  0.740 seconds
Platform modules already initialized, skipping
========================================================================
Worker process is ready to serve import requests
Launched and connected shader compiler UnityShaderCompiler.exe after 0.04 seconds
Refreshing native plugins compatible for Editor in 0.20 ms, found 0 plugins.
Preloading 0 native plugins for Editor in 0.00 ms.
Unloading 1119 Unused Serialized files (Serialized files now loaded: 0)
System memory in use before: 56.9 MB.
System memory in use after: 57.0 MB.

Unloading 9 unused Assets to reduce memory usage. Loaded Objects now: 1562.
Total: 2.035600 ms (FindLiveObjects: 0.182200 ms CreateObjectMapping: 0.053300 ms MarkObjects: 1.723300 ms  DeleteObjects: 0.074800 ms)

========================================================================
Received Import Request.
  path: Assets/Scenes
  artifactKey: Guid(6edeba5bd185a8744b958d2890fd7cd8) Importer(815301076,1909f56bfc062723c751e8b465ee728b)
Start importing Assets/Scenes using Guid(6edeba5bd185a8744b958d2890fd7cd8) Importer(815301076,1909f56bfc062723c751e8b465ee728b)  -> (artifact id: '5c132e07ec70643ab93b4013ecd2614c') in 0.006662 seconds
  Import took 0.008599 seconds .

========================================================================
Received Import Request.
  Time since last request: 0.000157 seconds.
  path: Assets/Scenes/SampleScene.unity
  artifactKey: Guid(9fc0d4010bbf28b4594072e72b8655ab) Importer(815301076,1909f56bfc062723c751e8b465ee728b)
Start importing Assets/Scenes/SampleScene.unity using Guid(9fc0d4010bbf28b4594072e72b8655ab) Importer(815301076,1909f56bfc062723c751e8b465ee728b)  -> (artifact id: 'e6161122b64e56eed47c05cfb4f82246') in 0.011245 seconds
  Import took 0.012989 seconds .

========================================================================
Received Import Request.
  Time since last request: 3.817061 seconds.
  path: Assets/Code/Character.cs
  artifactKey: Guid(cb0ca520a38d1454eb0e9ae400c9be8e) Importer(815301076,1909f56bfc062723c751e8b465ee728b)
Start importing Assets/Code/Character.cs using Guid(cb0ca520a38d1454eb0e9ae400c9be8e) Importer(815301076,1909f56bfc062723c751e8b465ee728b)  -> (artifact id: 'd5a4633030bde86e1739d321e1bb6bb3') in 0.031235 seconds
  Import took 0.032827 seconds .

========================================================================
Received Import Request.
  Time since last request: 39.503433 seconds.
  path: Assets/Code/enemyBehaviour.cs
  artifactKey: Guid(4bea6fe9be934b54f92095e59dd0de9c) Importer(815301076,1909f56bfc062723c751e8b465ee728b)
Start importing Assets/Code/enemyBehaviour.cs using Guid(4bea6fe9be934b54f92095e59dd0de9c) Importer(815301076,1909f56bfc062723c751e8b465ee728b)  -> (artifact id: 'da6a194949b3acd4fd0013e8655a4323') in 0.004981 seconds
  Import took 0.006658 seconds .

========================================================================
Received Import Request.
  Time since last request: 0.001803 seconds.
  path: Assets/Code/enemyBehaviour.cs
  artifactKey: Guid(4bea6fe9be934b54f92095e59dd0de9c) Importer(815301076,1909f56bfc062723c751e8b465ee728b)
Start importing Assets/Code/enemyBehaviour.cs using Guid(4bea6fe9be934b54f92095e59dd0de9c) Importer(815301076,1909f56bfc062723c751e8b465ee728b)  -> (artifact id: 'da6a194949b3acd4fd0013e8655a4323') in 0.005054 seconds
  Import took 0.006863 seconds .

========================================================================
Received Import Request.
  Time since last request: 18.019707 seconds.
  path: Assets/Code/enemyBehaviour.cs
  artifactKey: Guid(4bea6fe9be934b54f92095e59dd0de9c) Importer(815301076,1909f56bfc062723c751e8b465ee728b)
Start importing Assets/Code/enemyBehaviour.cs using Guid(4bea6fe9be934b54f92095e59dd0de9c) Importer(815301076,1909f56bfc062723c751e8b465ee728b)  -> (artifact id: 'a4bd3e695130e5629638b86123f4c406') in 0.004860 seconds
  Import took 0.006795 seconds .

========================================================================
Received Import Request.
  Time since last request: 922.456054 seconds.
  path: Assets/Code/enemyBehaviour.cs
  artifactKey: Guid(4bea6fe9be934b54f92095e59dd0de9c) Importer(815301076,1909f56bfc062723c751e8b465ee728b)
Start importing Assets/Code/enemyBehaviour.cs using Guid(4bea6fe9be934b54f92095e59dd0de9c) Importer(815301076,1909f56bfc062723c751e8b465ee728b)  -> (artifact id: '3f67f03634f7c32005181b00bb30fd98') in 0.004404 seconds
  Import took 0.006590 seconds .

========================================================================
Received Import Request.
  Time since last request: 96.675325 seconds.
  path: Assets/Code/enemyBehaviour.cs
  artifactKey: Guid(4bea6fe9be934b54f92095e59dd0de9c) Importer(815301076,1909f56bfc062723c751e8b465ee728b)
Start importing Assets/Code/enemyBehaviour.cs using Guid(4bea6fe9be934b54f92095e59dd0de9c) Importer(815301076,1909f56bfc062723c751e8b465ee728b)  -> (artifact id: 'b341d5dce6496f46717b31759e0a3f0c') in 0.004037 seconds
  Import took 0.005744 seconds .

========================================================================
Received Import Request.
  Time since last request: 458.162966 seconds.
  path: Assets/Code/enemyBehaviour.cs
  artifactKey: Guid(4bea6fe9be934b54f92095e59dd0de9c) Importer(815301076,1909f56bfc062723c751e8b465ee728b)
Start importing Assets/Code/enemyBehaviour.cs using Guid(4bea6fe9be934b54f92095e59dd0de9c) Importer(815301076,1909f56bfc062723c751e8b465ee728b)  -> (artifact id: 'c373caf131298c7ba474fdca6d32a2ef') in 0.004654 seconds
  Import took 0.006456 seconds .

========================================================================
Received Import Request.
  Time since last request: 37.623816 seconds.
  path: Assets/Code/enemyBehaviour.cs
  artifactKey: Guid(4bea6fe9be934b54f92095e59dd0de9c) Importer(815301076,1909f56bfc062723c751e8b465ee728b)
Start importing Assets/Code/enemyBehaviour.cs using Guid(4bea6fe9be934b54f92095e59dd0de9c) Importer(815301076,1909f56bfc062723c751e8b465ee728b)  -> (artifact id: '35adc0a153d7721dc6e091b9d96c9353') in 0.004163 seconds
  Import took 0.005778 seconds .

========================================================================
Received Import Request.
  Time since last request: 631.296647 seconds.
  path: Assets/Code/enemyBehaviour.cs
  artifactKey: Guid(4bea6fe9be934b54f92095e59dd0de9c) Importer(815301076,1909f56bfc062723c751e8b465ee728b)
Start importing Assets/Code/enemyBehaviour.cs using Guid(4bea6fe9be934b54f92095e59dd0de9c) Importer(815301076,1909f56bfc062723c751e8b465ee728b)  -> (artifact id: 'e66cc67c1b4c668df1ecb6fd6b190682') in 0.004344 seconds
  Import took 0.006333 seconds .

========================================================================
Received Import Request.
  Time since last request: 122.845777 seconds.
  path: Assets/Code/enemyBehaviour.cs
  artifactKey: Guid(4bea6fe9be934b54f92095e59dd0de9c) Importer(815301076,1909f56bfc062723c751e8b465ee728b)
Start importing Assets/Code/enemyBehaviour.cs using Guid(4bea6fe9be934b54f92095e59dd0de9c) Importer(815301076,1909f56bfc062723c751e8b465ee728b)  -> (artifact id: '20b0a91ae439e441fc7435da4c2dafb3') in 0.004315 seconds
  Import took 0.006128 seconds .

========================================================================
Received Import Request.
  Time since last request: 5.504211 seconds.
  path: Assets/Code/enemyBehaviour.cs
  artifactKey: Guid(4bea6fe9be934b54f92095e59dd0de9c) Importer(815301076,1909f56bfc062723c751e8b465ee728b)
Start importing Assets/Code/enemyBehaviour.cs using Guid(4bea6fe9be934b54f92095e59dd0de9c) Importer(815301076,1909f56bfc062723c751e8b465ee728b)  -> (artifact id: '1376af84172106dd35fbb77469db0abf') in 0.004491 seconds
  Import took 0.006427 seconds .

========================================================================
Received Import Request.
  Time since last request: 36.649627 seconds.
  path: Assets/Code/enemyBehaviour.cs
  artifactKey: Guid(4bea6fe9be934b54f92095e59dd0de9c) Importer(815301076,1909f56bfc062723c751e8b465ee728b)
Start importing Assets/Code/enemyBehaviour.cs using Guid(4bea6fe9be934b54f92095e59dd0de9c) Importer(815301076,1909f56bfc062723c751e8b465ee728b)  -> (artifact id: '24651b6468457417ba6bb5078fef3482') in 0.004229 seconds
  Import took 0.005916 seconds .

========================================================================
Received Import Request.
  Time since last request: 14.257784 seconds.
  path: Assets/Code/enemyBehaviour.cs
  artifactKey: Guid(4bea6fe9be934b54f92095e59dd0de9c) Importer(815301076,1909f56bfc062723c751e8b465ee728b)
Start importing Assets/Code/enemyBehaviour.cs using Guid(4bea6fe9be934b54f92095e59dd0de9c) Importer(815301076,1909f56bfc062723c751e8b465ee728b)  -> (artifact id: '922b113f5129ca52a1ee9ea051559627') in 0.003931 seconds
  Import took 0.005594 seconds .

========================================================================
Received Prepare
Registering precompiled user dll's ...
Registered in 0.000677 seconds.
Begin MonoManager ReloadAssembly
Native extension for WindowsStandalone target not found
Refreshing native plugins compatible for Editor in 0.19 ms, found 0 plugins.
Preloading 0 native plugins for Editor in 0.00 ms.
Invoked RoslynAnalysisRunner static constructor.
RoslynAnalysisRunner will not be running.
RoslynAnalysisRunner has terminated.
Mono: successfully reloaded assembly
- Completed reload, in  0.672 seconds
Platform modules already initialized, skipping
Refreshing native plugins compatible for Editor in 0.18 ms, found 0 plugins.
Preloading 0 native plugins for Editor in 0.00 ms.
Unloading 1113 Unused Serialized files (Serialized files now loaded: 0)
System memory in use before: 56.8 MB.
System memory in use after: 56.9 MB.

Unloading 4 unused Assets to reduce memory usage. Loaded Objects now: 1565.
Total: 1.413900 ms (FindLiveObjects: 0.108800 ms CreateObjectMapping: 0.031100 ms MarkObjects: 1.259400 ms  DeleteObjects: 0.013800 ms)

========================================================================
Received Prepare
Registering precompiled user dll's ...
Registered in 0.000674 seconds.
Begin MonoManager ReloadAssembly
Native extension for WindowsStandalone target not found
Refreshing native plugins compatible for Editor in 0.19 ms, found 0 plugins.
Preloading 0 native plugins for Editor in 0.00 ms.
Invoked RoslynAnalysisRunner static constructor.
RoslynAnalysisRunner will not be running.
RoslynAnalysisRunner has terminated.
Mono: successfully reloaded assembly
- Completed reload, in  0.674 seconds
Platform modules already initialized, skipping
Refreshing native plugins compatible for Editor in 0.19 ms, found 0 plugins.
Preloading 0 native plugins for Editor in 0.00 ms.
Unloading 1113 Unused Serialized files (Serialized files now loaded: 0)
System memory in use before: 56.9 MB.
System memory in use after: 57.0 MB.

Unloading 4 unused Assets to reduce memory usage. Loaded Objects now: 1568.
Total: 1.378500 ms (FindLiveObjects: 0.120400 ms CreateObjectMapping: 0.034100 ms MarkObjects: 1.212200 ms  DeleteObjects: 0.011100 ms)

========================================================================
Received Prepare
Registering precompiled user dll's ...
Registered in 0.000636 seconds.
Begin MonoManager ReloadAssembly
Native extension for WindowsStandalone target not found
Refreshing native plugins compatible for Editor in 0.19 ms, found 0 plugins.
Preloading 0 native plugins for Editor in 0.00 ms.
Invoked RoslynAnalysisRunner static constructor.
RoslynAnalysisRunner will not be running.
RoslynAnalysisRunner has terminated.
Mono: successfully reloaded assembly
- Completed reload, in  0.669 seconds
Platform modules already initialized, skipping
Refreshing native plugins compatible for Editor in 0.19 ms, found 0 plugins.
Preloading 0 native plugins for Editor in 0.00 ms.
Unloading 1113 Unused Serialized files (Serialized files now loaded: 0)
System memory in use before: 56.9 MB.
System memory in use after: 57.0 MB.

Unloading 4 unused Assets to reduce memory usage. Loaded Objects now: 1571.
Total: 1.389300 ms (FindLiveObjects: 0.112800 ms CreateObjectMapping: 0.034600 ms MarkObjects: 1.230800 ms  DeleteObjects: 0.010400 ms)

========================================================================
Received Prepare
Registering precompiled user dll's ...
Registered in 0.000700 seconds.
Begin MonoManager ReloadAssembly
Native extension for WindowsStandalone target not found
Refreshing native plugins compatible for Editor in 0.19 ms, found 0 plugins.
Preloading 0 native plugins for Editor in 0.00 ms.
Invoked RoslynAnalysisRunner static constructor.
RoslynAnalysisRunner will not be running.
RoslynAnalysisRunner has terminated.
Mono: successfully reloaded assembly
- Completed reload, in  0.667 seconds
Platform modules already initialized, skipping
Refreshing native plugins compatible for Editor in 0.18 ms, found 0 plugins.
Preloading 0 native plugins for Editor in 0.00 ms.
Unloading 1113 Unused Serialized files (Serialized files now loaded: 0)
System memory in use before: 56.9 MB.
System memory in use after: 57.0 MB.

Unloading 4 unused Assets to reduce memory usage. Loaded Objects now: 1574.
Total: 1.322400 ms (FindLiveObjects: 0.113300 ms CreateObjectMapping: 0.031600 ms MarkObjects: 1.165400 ms  DeleteObjects: 0.011600 ms)

========================================================================
Received Prepare
Registering precompiled user dll's ...
Registered in 0.000620 seconds.
Begin MonoManager ReloadAssembly
Native extension for WindowsStandalone target not found
Refreshing native plugins compatible for Editor in 0.19 ms, found 0 plugins.
Preloading 0 native plugins for Editor in 0.00 ms.
Invoked RoslynAnalysisRunner static constructor.
RoslynAnalysisRunner will not be running.
RoslynAnalysisRunner has terminated.
Mono: successfully reloaded assembly
- Completed reload, in  0.665 seconds
Platform modules already initialized, skipping
Refreshing native plugins compatible for Editor in 0.18 ms, found 0 plugins.
Preloading 0 native plugins for Editor in 0.00 ms.
Unloading 1113 Unused Serialized files (Serialized files now loaded: 0)
System memory in use before: 56.9 MB.
System memory in use after: 57.0 MB.

Unloading 4 unused Assets to reduce memory usage. Loaded Objects now: 1577.
Total: 1.270300 ms (FindLiveObjects: 0.101900 ms CreateObjectMapping: 0.028100 ms MarkObjects: 1.129100 ms  DeleteObjects: 0.010500 ms)

========================================================================
Received Prepare
Registering precompiled user dll's ...
Registered in 0.000608 seconds.
Begin MonoManager ReloadAssembly
Native extension for WindowsStandalone target not found
Refreshing native plugins compatible for Editor in 0.19 ms, found 0 plugins.
Preloading 0 native plugins for Editor in 0.00 ms.
Invoked RoslynAnalysisRunner static constructor.
RoslynAnalysisRunner will not be running.
RoslynAnalysisRunner has terminated.
Mono: successfully reloaded assembly
- Completed reload, in  0.662 seconds
Platform modules already initialized, skipping
Refreshing native plugins compatible for Editor in 0.18 ms, found 0 plugins.
Preloading 0 native plugins for Editor in 0.00 ms.
Unloading 1113 Unused Serialized files (Serialized files now loaded: 0)
System memory in use before: 56.9 MB.
System memory in use after: 57.0 MB.

Unloading 4 unused Assets to reduce memory usage. Loaded Objects now: 1580.
Total: 3.474400 ms (FindLiveObjects: 0.257900 ms CreateObjectMapping: 0.089300 ms MarkObjects: 3.101900 ms  DeleteObjects: 0.022900 ms)

========================================================================
Received Prepare
Registering precompiled user dll's ...
Registered in 0.000679 seconds.
Begin MonoManager ReloadAssembly
Native extension for WindowsStandalone target not found
Refreshing native plugins compatible for Editor in 0.28 ms, found 0 plugins.
Preloading 0 native plugins for Editor in 0.00 ms.
Invoked RoslynAnalysisRunner static constructor.
RoslynAnalysisRunner will not be running.
RoslynAnalysisRunner has terminated.
Mono: successfully reloaded assembly
- Completed reload, in  0.679 seconds
Platform modules already initialized, skipping
Refreshing native plugins compatible for Editor in 0.18 ms, found 0 plugins.
Preloading 0 native plugins for Editor in 0.00 ms.
Unloading 1113 Unused Serialized files (Serialized files now loaded: 0)
System memory in use before: 56.9 MB.
System memory in use after: 57.0 MB.

Unloading 4 unused Assets to reduce memory usage. Loaded Objects now: 1583.
Total: 1.358500 ms (FindLiveObjects: 0.104000 ms CreateObjectMapping: 0.028400 ms MarkObjects: 1.214300 ms  DeleteObjects: 0.010800 ms)

========================================================================
Received Prepare
Registering precompiled user dll's ...
Registered in 0.000745 seconds.
Begin MonoManager ReloadAssembly
Native extension for WindowsStandalone target not found
Refreshing native plugins compatible for Editor in 0.19 ms, found 0 plugins.
Preloading 0 native plugins for Editor in 0.00 ms.
Invoked RoslynAnalysisRunner static constructor.
RoslynAnalysisRunner will not be running.
RoslynAnalysisRunner has terminated.
Mono: successfully reloaded assembly
- Completed reload, in  0.667 seconds
Platform modules already initialized, skipping
Refreshing native plugins compatible for Editor in 0.18 ms, found 0 plugins.
Preloading 0 native plugins for Editor in 0.00 ms.
Unloading 1113 Unused Serialized files (Serialized files now loaded: 0)
System memory in use before: 56.9 MB.
System memory in use after: 57.0 MB.

Unloading 4 unused Assets to reduce memory usage. Loaded Objects now: 1586.
Total: 1.419900 ms (FindLiveObjects: 0.103500 ms CreateObjectMapping: 0.028800 ms MarkObjects: 1.276300 ms  DeleteObjects: 0.010600 ms)

========================================================================
Received Prepare
Registering precompiled user dll's ...
Registered in 0.000649 seconds.
Begin MonoManager ReloadAssembly
Native extension for WindowsStandalone target not found
Refreshing native plugins compatible for Editor in 0.19 ms, found 0 plugins.
Preloading 0 native plugins for Editor in 0.00 ms.
Invoked RoslynAnalysisRunner static constructor.
RoslynAnalysisRunner will not be running.
RoslynAnalysisRunner has terminated.
Mono: successfully reloaded assembly
- Completed reload, in  0.666 seconds
Platform modules already initialized, skipping
Refreshing native plugins compatible for Editor in 0.18 ms, found 0 plugins.
Preloading 0 native plugins for Editor in 0.00 ms.
Unloading 1113 Unused Serialized files (Serialized files now loaded: 0)
System memory in use before: 56.9 MB.
System memory in use after: 57.0 MB.

Unloading 4 unused Assets to reduce memory usage. Loaded Objects now: 1589.
Total: 3.423800 ms (FindLiveObjects: 0.254600 ms CreateObjectMapping: 0.088900 ms MarkObjects: 3.048000 ms  DeleteObjects: 0.030000 ms)

========================================================================
Received Prepare
Registering precompiled user dll's ...
Registered in 0.001397 seconds.
Begin MonoManager ReloadAssembly
Native extension for WindowsStandalone target not found
Refreshing native plugins compatible for Editor in 0.19 ms, found 0 plugins.
Preloading 0 native plugins for Editor in 0.00 ms.
Invoked RoslynAnalysisRunner static constructor.
RoslynAnalysisRunner will not be running.
RoslynAnalysisRunner has terminated.
Mono: successfully reloaded assembly
- Completed reload, in  0.657 seconds
Platform modules already initialized, skipping
Refreshing native plugins compatible for Editor in 0.19 ms, found 0 plugins.
Preloading 0 native plugins for Editor in 0.00 ms.
Unloading 1113 Unused Serialized files (Serialized files now loaded: 0)
System memory in use before: 56.9 MB.
System memory in use after: 57.0 MB.

Unloading 4 unused Assets to reduce memory usage. Loaded Objects now: 1592.
Total: 1.423800 ms (FindLiveObjects: 0.204700 ms CreateObjectMapping: 0.043400 ms MarkObjects: 1.163700 ms  DeleteObjects: 0.011200 ms)

========================================================================
Received Prepare
Registering precompiled user dll's ...
Registered in 0.000649 seconds.
Begin MonoManager ReloadAssembly
Native extension for WindowsStandalone target not found
Refreshing native plugins compatible for Editor in 0.19 ms, found 0 plugins.
Preloading 0 native plugins for Editor in 0.00 ms.
Invoked RoslynAnalysisRunner static constructor.
RoslynAnalysisRunner will not be running.
RoslynAnalysisRunner has terminated.
Mono: successfully reloaded assembly
- Completed reload, in  0.664 seconds
Platform modules already initialized, skipping
Refreshing native plugins compatible for Editor in 0.19 ms, found 0 plugins.
Preloading 0 native plugins for Editor in 0.00 ms.
Unloading 1113 Unused Serialized files (Serialized files now loaded: 0)
System memory in use before: 56.9 MB.
System memory in use after: 57.0 MB.

Unloading 4 unused Assets to reduce memory usage. Loaded Objects now: 1595.
Total: 1.432800 ms (FindLiveObjects: 0.120700 ms CreateObjectMapping: 0.034600 ms MarkObjects: 1.264900 ms  DeleteObjects: 0.011800 ms)

========================================================================
Received Prepare
Registering precompiled user dll's ...
Registered in 0.000668 seconds.
Begin MonoManager ReloadAssembly
Native extension for WindowsStandalone target not found
Refreshing native plugins compatible for Editor in 0.18 ms, found 0 plugins.
Preloading 0 native plugins for Editor in 0.00 ms.
Invoked RoslynAnalysisRunner static constructor.
RoslynAnalysisRunner will not be running.
RoslynAnalysisRunner has terminated.
Mono: successfully reloaded assembly
- Completed reload, in  0.666 seconds
Platform modules already initialized, skipping
Refreshing native plugins compatible for Editor in 0.18 ms, found 0 plugins.
Preloading 0 native plugins for Editor in 0.00 ms.
Unloading 1113 Unused Serialized files (Serialized files now loaded: 0)
System memory in use before: 56.9 MB.
System memory in use after: 57.0 MB.

Unloading 4 unused Assets to reduce memory usage. Loaded Objects now: 1598.
Total: 3.090800 ms (FindLiveObjects: 0.259400 ms CreateObjectMapping: 0.090800 ms MarkObjects: 2.715400 ms  DeleteObjects: 0.023200 ms)

========================================================================
Received Prepare
Registering precompiled user dll's ...
Registered in 0.000614 seconds.
Begin MonoManager ReloadAssembly
Native extension for WindowsStandalone target not found
Refreshing native plugins compatible for Editor in 0.19 ms, found 0 plugins.
Preloading 0 native plugins for Editor in 0.00 ms.
Invoked RoslynAnalysisRunner static constructor.
RoslynAnalysisRunner will not be running.
RoslynAnalysisRunner has terminated.
Mono: successfully reloaded assembly
- Completed reload, in  0.658 seconds
Platform modules already initialized, skipping
Refreshing native plugins compatible for Editor in 0.19 ms, found 0 plugins.
Preloading 0 native plugins for Editor in 0.00 ms.
Unloading 1113 Unused Serialized files (Serialized files now loaded: 0)
System memory in use before: 56.9 MB.
System memory in use after: 57.0 MB.

Unloading 4 unused Assets to reduce memory usage. Loaded Objects now: 1601.
Total: 1.466800 ms (FindLiveObjects: 0.112600 ms CreateObjectMapping: 0.030500 ms MarkObjects: 1.305400 ms  DeleteObjects: 0.017300 ms)

AssetImportWorkerClient::OnTransportError - code=2 error=End of file
