Using pre-set license
Built from '2020.2/staging' branch; Version is '2020.2.7f1 (c53830e277f1) revision 12924976'; Using compiler version '192528614'; Build Type 'Release'
OS: 'Windows 10 Enterprise; OS build 18363.1443; Version 1909; 64bit' Language: 'en' Physical Memory: 16332 MB
BatchMode: 1, IsHumanControllingUs: 0, StartBugReporterOnCrash: 0, Is64bit: 1, IsPro: 0

 COMMAND LINE ARGUMENTS:
C:\Program Files\Unity\Hub\Editor\2020.2.7f1\Editor\Unity.exe
-adb2
-batchMode
-noUpm
-name
AssetImportWorker0
-projectPath
D:/Nathan Bevan/New-FMP
-logFile
Logs/AssetImportWorker0.log
-srvPort
53515
Successfully changed project path to: D:/Nathan Bevan/New-FMP
D:/Nathan Bevan/New-FMP
Using Asset Import Pipeline V2.
Refreshing native plugins compatible for Editor in 24.51 ms, found 0 plugins.
Preloading 0 native plugins for Editor in 0.00 ms.
Initialize engine version: 2020.2.7f1 (c53830e277f1)
[Subsystems] Discovering subsystems at path C:/Program Files/Unity/Hub/Editor/2020.2.7f1/Editor/Data/Resources/UnitySubsystems
[Subsystems] Discovering subsystems at path D:/Nathan Bevan/New-FMP/Assets
GfxDevice: creating device client; threaded=0
Direct3D:
    Version:  Direct3D 11.0 [level 11.1]
    Renderer: NVIDIA GeForce GTX 1660 (ID=0x2184)
    Vendor:   
    VRAM:     5991 MB
    Driver:   27.21.14.5206
Initialize mono
Mono path[0] = 'C:/Program Files/Unity/Hub/Editor/2020.2.7f1/Editor/Data/Managed'
Mono path[1] = 'C:/Program Files/Unity/Hub/Editor/2020.2.7f1/Editor/Data/MonoBleedingEdge/lib/mono/unityjit'
Mono config path = 'C:/Program Files/Unity/Hub/Editor/2020.2.7f1/Editor/Data/MonoBleedingEdge/etc'
Using monoOptions --debugger-agent=transport=dt_socket,embedding=1,server=y,suspend=n,address=127.0.0.1:56132
Begin MonoManager ReloadAssembly
Registering precompiled unity dll's ...
Register platform support module: C:/Program Files/Unity/Hub/Editor/2020.2.7f1/Editor/Data/PlaybackEngines/WindowsStandaloneSupport/UnityEditor.WindowsStandalone.Extensions.dll
Registered in 0.001140 seconds.
Native extension for WindowsStandalone target not found
Refreshing native plugins compatible for Editor in 23.23 ms, found 0 plugins.
Preloading 0 native plugins for Editor in 0.00 ms.
Invoked RoslynAnalysisRunner static constructor.
RoslynAnalysisRunner will not be running.
RoslynAnalysisRunner has terminated.
Mono: successfully reloaded assembly
- Completed reload, in  0.938 seconds
Platform modules already initialized, skipping
Registering precompiled user dll's ...
Registered in 0.001552 seconds.
Begin MonoManager ReloadAssembly
Native extension for WindowsStandalone target not found
Refreshing native plugins compatible for Editor in 0.23 ms, found 0 plugins.
Preloading 0 native plugins for Editor in 0.00 ms.
Invoked RoslynAnalysisRunner static constructor.
RoslynAnalysisRunner will not be running.
RoslynAnalysisRunner has terminated.
Mono: successfully reloaded assembly
- Completed reload, in  0.729 seconds
Platform modules already initialized, skipping
========================================================================
Worker process is ready to serve import requests
Launched and connected shader compiler UnityShaderCompiler.exe after 0.04 seconds
Refreshing native plugins compatible for Editor in 0.24 ms, found 0 plugins.
Preloading 0 native plugins for Editor in 0.00 ms.
Unloading 1159 Unused Serialized files (Serialized files now loaded: 0)
System memory in use before: 59.7 MB.
System memory in use after: 59.7 MB.

Unloading 11 unused Assets to reduce memory usage. Loaded Objects now: 1609.
Total: 1.453300 ms (FindLiveObjects: 0.119900 ms CreateObjectMapping: 0.038200 ms MarkObjects: 1.237900 ms  DeleteObjects: 0.056500 ms)

========================================================================
Received Import Request.
  path: Assets/Prefabs/Enemy/Alien.prefab
  artifactKey: Guid(acde4697753d327469e1aeff0b08851b) Importer(815301076,1909f56bfc062723c751e8b465ee728b)
Start importing Assets/Prefabs/Enemy/Alien.prefab using Guid(acde4697753d327469e1aeff0b08851b) Importer(815301076,1909f56bfc062723c751e8b465ee728b)  -> (artifact id: '6f58b60e805d251e706610496d90506f') in 0.157271 seconds
  Import took 0.162089 seconds .

========================================================================
Received Import Request.
  Time since last request: 0.000257 seconds.
  path: Assets/Models/Portal.fbx
  artifactKey: Guid(09c002baf2b63fb42a72a2992c13db87) Importer(815301076,1909f56bfc062723c751e8b465ee728b)
Start importing Assets/Models/Portal.fbx using Guid(09c002baf2b63fb42a72a2992c13db87) Importer(815301076,1909f56bfc062723c751e8b465ee728b)  -> (artifact id: '3c703bc53b221ff394d8a1ff77ccb58b') in 0.059232 seconds
  Import took 0.060970 seconds .

========================================================================
Received Import Request.
  Time since last request: 0.000229 seconds.
  path: Assets/Prefabs/Player/Player.prefab
  artifactKey: Guid(b9eb510c331e4a641972129ae09e2f8c) Importer(815301076,1909f56bfc062723c751e8b465ee728b)
Start importing Assets/Prefabs/Player/Player.prefab using Guid(b9eb510c331e4a641972129ae09e2f8c) Importer(815301076,1909f56bfc062723c751e8b465ee728b)  -> (artifact id: '985802c82dc0f8f60af9df731398ba19') in 0.064252 seconds
  Import took 0.069605 seconds .

AssetImportWorkerClient::OnTransportError - code=2 error=End of file
